<?xml version="1.0" encoding="UTF-8"?>
<testng-results skipped="0" failed="0" ignored="0" total="1" passed="1">
  <reporter-output>
  </reporter-output>
  <suite name="Default suite" duration-ms="21053" started-at="2020-07-23T17:07:56 EDT" finished-at="2020-07-23T17:08:17 EDT">
    <groups>
    </groups>
    <test name="Default test" duration-ms="21053" started-at="2020-07-23T17:07:56 EDT" finished-at="2020-07-23T17:08:17 EDT">
      <class name="com.hubspot.tests.LoginPagePFTest">
        <test-method status="PASS" signature="setUP()[pri:0, instance:com.hubspot.tests.LoginPagePFTest@4ef27d66]" name="setUP" is-config="true" duration-ms="9717" started-at="2020-07-23T17:07:56 EDT" finished-at="2020-07-23T17:08:06 EDT">
          <reporter-output>
          </reporter-output>
        </test-method> <!-- setUP -->
        <test-method status="PASS" signature="loginTest()[pri:0, instance:com.hubspot.tests.LoginPagePFTest@4ef27d66]" name="loginTest" duration-ms="10669" started-at="2020-07-23T17:08:06 EDT" finished-at="2020-07-23T17:08:17 EDT">
          <reporter-output>
          </reporter-output>
        </test-method> <!-- loginTest -->
        <test-method status="PASS" signature="tearDown()[pri:0, instance:com.hubspot.tests.LoginPagePFTest@4ef27d66]" name="tearDown" is-config="true" duration-ms="211" started-at="2020-07-23T17:08:17 EDT" finished-at="2020-07-23T17:08:17 EDT">
          <reporter-output>
          </reporter-output>
        </test-method> <!-- tearDown -->
      </class> <!-- com.hubspot.tests.LoginPagePFTest -->
    </test> <!-- Default test -->
  </suite> <!-- Default suite -->
</testng-results>
