<?xml version="1.0" encoding="UTF-8"?>
<!-- Generated by org.testng.reporters.JUnitXMLReporter -->
<testsuite hostname="newusers-MacBook-Pro.local" ignored="0" name="HubSpot Sanity" tests="4" failures="0" timestamp="2020-07-23T16:34:44 EDT" time="59.458" errors="0">
  <testcase name="getTitle" time="10.123" classname="com.hubspot.tests.LoginPageTest"/>
  <testcase name="loginTest1" time="5.671" classname="com.hubspot.tests.LoginPageTest"/>
  <testcase name="loginTest2" time="5.526" classname="com.hubspot.tests.LoginPageTest"/>
  <testcase name="loginTest3" time="5.504" classname="com.hubspot.tests.LoginPageTest"/>
</testsuite> <!-- HubSpot Sanity -->
